{
  "stats": {
    "suites": 1,
    "tests": 1,
    "passes": 1,
    "pending": 0,
    "failures": 0,
    "start": "2023-10-27T07:58:51.519Z",
    "end": "2023-10-27T07:58:52.533Z",
    "duration": 1014,
    "testsRegistered": 1,
    "passPercent": 100,
    "pendingPercent": 0,
    "other": 0,
    "hasOther": false,
    "skipped": 0,
    "hasSkipped": false
  },
  "results": [
    {
      "uuid": "d0f83ae8-5885-42ef-afec-aff517796bb3",
      "title": "",
      "fullFile": "/home/runner/work/user-micro-service/user-micro-service/src/test/smoke_tests.js",
      "file": "/src/test/smoke_tests.js",
      "beforeHooks": [],
      "afterHooks": [],
      "tests": [],
      "suites": [
        {
          "uuid": "0322966b-008a-44a7-a965-99cc9416eb1d",
          "title": "User service smoke tests",
          "fullFile": "/home/runner/work/user-micro-service/user-micro-service/src/test/smoke_tests.js",
          "file": "/src/test/smoke_tests.js",
          "beforeHooks": [],
          "afterHooks": [],
          "tests": [
            {
              "title": "Should be able to get the users",
              "fullTitle": "User service smoke tests Should be able to get the users",
              "timedOut": false,
              "duration": 1009,
              "state": "passed",
              "speed": "slow",
              "pass": true,
              "fail": false,
              "pending": false,
              "context": null,
              "code": "const response = await fetch('https://user-task-3kj1.onrender.com/users');\n        expect(response.status).to.equal(200);\n        const data = await response.json();\n        console.log(data);",
              "err": {},
              "uuid": "cf844a52-505e-4245-8c03-2d88df7af780",
              "parentUUID": "0322966b-008a-44a7-a965-99cc9416eb1d",
              "isHook": false,
              "skipped": false
            }
          ],
          "suites": [],
          "passes": [
            "cf844a52-505e-4245-8c03-2d88df7af780"
          ],
          "failures": [],
          "pending": [],
          "skipped": [],
          "duration": 1009,
          "root": false,
          "rootEmpty": false,
          "_timeout": 2000
        }
      ],
      "passes": [],
      "failures": [],
      "pending": [],
      "skipped": [],
      "duration": 0,
      "root": true,
      "rootEmpty": true,
      "_timeout": 2000
    }
  ],
  "meta": {
    "mocha": {
      "version": "10.2.0"
    },
    "mochawesome": {
      "options": {
        "quiet": false,
        "reportFilename": "mochawesome",
        "saveHtml": true,
        "saveJson": true,
        "consoleReporter": "spec",
        "useInlineDiffs": false,
        "code": true
      },
      "version": "7.1.3"
    },
    "marge": {
      "options": null,
      "version": "6.2.0"
    }
  }
}